<?xml version="1.0" encoding="UTF-8"?>
<testng-results skipped="0" failed="0" ignored="0" total="1" passed="1">
  <reporter-output>
  </reporter-output>
  <suite name="Default suite" duration-ms="16545" started-at="2020-03-29T16:53:03Z" finished-at="2020-03-29T16:53:19Z">
    <groups>
      <group name="cucumber">
        <method signature="AbstractTestNGCucumberTests.feature(cucumber.api.testng.CucumberFeatureWrapper)[pri:0, instance:runner.TestRunner@14bf9759]" name="feature" class="cucumber.api.testng.AbstractTestNGCucumberTests"/>
      </group> <!-- cucumber -->
    </groups>
    <test name="Default test" duration-ms="16545" started-at="2020-03-29T16:53:03Z" finished-at="2020-03-29T16:53:19Z">
      <class name="runner.TestRunner">
        <test-method status="PASS" signature="Setup(java.lang.String)[pri:0, instance:runner.TestRunner@14bf9759]" name="Setup" is-config="true" duration-ms="14686" started-at="2020-03-29T16:52:48Z" finished-at="2020-03-29T16:53:03Z">
          <params>
            <param index="0">
              <value>
                <![CDATA[firefox]]>
              </value>
            </param>
          </params>
          <reporter-output>
          </reporter-output>
        </test-method> <!-- Setup -->
        <test-method status="PASS" signature="setUpClass()[pri:0, instance:runner.TestRunner@14bf9759]" name="setUpClass" is-config="true" duration-ms="301" started-at="2020-03-29T16:53:03Z" finished-at="2020-03-29T16:53:03Z">
          <reporter-output>
          </reporter-output>
        </test-method> <!-- setUpClass -->
        <test-method status="PASS" signature="feature(cucumber.api.testng.CucumberFeatureWrapper)[pri:0, instance:runner.TestRunner@14bf9759]" name="feature" duration-ms="13088" started-at="2020-03-29T16:53:06Z" description="Runs Cucumber Feature" data-provider="features" finished-at="2020-03-29T16:53:19Z">
          <params>
            <param index="0">
              <value>
                <![CDATA[Create Order]]>
              </value>
            </param>
          </params>
          <reporter-output>
          </reporter-output>
        </test-method> <!-- feature -->
        <test-method status="PASS" signature="screenshotOnFail(org.testng.ITestResult)[pri:0, instance:runner.TestRunner@14bf9759]" name="screenshotOnFail" is-config="true" duration-ms="1" started-at="2020-03-29T16:53:19Z" finished-at="2020-03-29T16:53:19Z">
          <params>
            <param index="0">
              <value>
                <![CDATA[[TestResult name=feature status=SUCCESS method=AbstractTestNGCucumberTests.feature(cucumber.api.testng.CucumberFeatureWrapper)[pri:0, instance:runner.TestRunner@14bf9759] output={null}]]]>
              </value>
            </param>
          </params>
          <reporter-output>
          </reporter-output>
        </test-method> <!-- screenshotOnFail -->
        <test-method status="PASS" signature="tearDownClass()[pri:0, instance:runner.TestRunner@14bf9759]" name="tearDownClass" is-config="true" duration-ms="18" started-at="2020-03-29T16:53:19Z" finished-at="2020-03-29T16:53:19Z">
          <reporter-output>
          </reporter-output>
        </test-method> <!-- tearDownClass -->
        <test-method status="PASS" signature="closedriver()[pri:0, instance:runner.TestRunner@14bf9759]" name="closedriver" is-config="true" duration-ms="0" started-at="2020-03-29T16:53:19Z" finished-at="2020-03-29T16:53:19Z">
          <reporter-output>
          </reporter-output>
        </test-method> <!-- closedriver -->
      </class> <!-- runner.TestRunner -->
    </test> <!-- Default test -->
  </suite> <!-- Default suite -->
</testng-results>
